2024-03-03 01:16:12,962:INFO:AnilistFeed.py: AnilistFeed Cog Loaded. Logging started...
2024-03-03 01:16:16,375:WARNING:AnilistFeed.py: Checking for updates. Possible high API calls.
2024-03-03 01:16:16,375:INFO:AnilistFeed.py: Fetching latest activity for CosmicUnicornFam | 236961890637578240
2024-03-03 01:16:16,613:INFO:AnilistFeed.py: Checking if activity for CosmicUnicornFam is new
2024-03-03 01:16:16,613:INFO:AnilistFeed.py: Fetching latest activity for exohayvan | 276782057412362241
2024-03-03 01:16:16,856:INFO:AnilistFeed.py: Checking if activity for exohayvan is new
2024-03-03 01:16:16,856:INFO:AnilistFeed.py: Fetching latest activity for XdevilsacidX | 300862398754193408
2024-03-03 01:16:17,048:INFO:AnilistFeed.py: Checking if activity for XdevilsacidX is new
2024-03-03 01:16:17,048:INFO:AnilistFeed.py: Fetching latest activity for SleepySpyro | 302587918026014720
2024-03-03 01:16:17,251:INFO:AnilistFeed.py: Checking if activity for SleepySpyro is new
2024-03-03 01:16:17,251:INFO:AnilistFeed.py: Fetching latest activity for AkiraNakamura | 389474720036290564
2024-03-03 01:16:17,437:INFO:AnilistFeed.py: Checking if activity for AkiraNakamura is new
2024-03-03 01:16:17,437:INFO:AnilistFeed.py: Fetching latest activity for Snakesepic | 474568724268187648
2024-03-03 01:16:17,669:INFO:AnilistFeed.py: Checking if activity for Snakesepic is new
2024-03-03 01:16:17,669:INFO:AnilistFeed.py: Fetching latest activity for EmbersofNovember | 833112981452750869
2024-03-03 01:16:17,850:INFO:AnilistFeed.py: Checking if activity for EmbersofNovember is new
2024-03-03 01:16:17,851:INFO:AnilistFeed.py: Fetching latest activity for jiggly08 | 875962318050172979
2024-03-03 01:16:50,238:INFO:AnilistFeed.py: Checking if activity for jiggly08 is new
2024-03-03 01:16:50,238:INFO:AnilistFeed.py: Fetching latest activity for pandabear99 | 955651036452905020
2024-03-03 01:16:50,445:INFO:AnilistFeed.py: Checking if activity for pandabear99 is new
2024-03-03 01:16:50,445:INFO:AnilistFeed.py: Fetching latest activity for PremiumLime | 958277287915159572
2024-03-03 01:16:50,640:INFO:AnilistFeed.py: Checking if activity for PremiumLime is new
2024-03-03 01:16:50,640:INFO:AnilistFeed.py: Fetching latest activity for chaosdragonsteel | 1109300306036133969
2024-03-03 01:16:50,852:INFO:AnilistFeed.py: Checking if activity for chaosdragonsteel is new
2024-03-03 01:16:50,852:INFO:AnilistFeed.py: Fetching latest activity for KiBubbless | 1157134343504920727
2024-03-03 01:16:51,078:INFO:AnilistFeed.py: Checking if activity for KiBubbless is new
2024-03-03 01:18:12,978:WARNING:AnilistFeed.py: Checking for updates. Possible high API calls.
2024-03-03 01:18:12,978:INFO:AnilistFeed.py: Fetching latest activity for CosmicUnicornFam | 236961890637578240
2024-03-03 01:18:13,240:INFO:AnilistFeed.py: Checking if activity for CosmicUnicornFam is new
2024-03-03 01:18:13,240:INFO:AnilistFeed.py: Fetching latest activity for exohayvan | 276782057412362241
2024-03-03 01:18:13,442:INFO:AnilistFeed.py: Checking if activity for exohayvan is new
2024-03-03 01:18:13,442:INFO:AnilistFeed.py: Fetching latest activity for XdevilsacidX | 300862398754193408
2024-03-03 01:18:13,679:INFO:AnilistFeed.py: Checking if activity for XdevilsacidX is new
2024-03-03 01:18:13,679:INFO:AnilistFeed.py: Fetching latest activity for SleepySpyro | 302587918026014720
2024-03-03 01:18:13,869:INFO:AnilistFeed.py: Checking if activity for SleepySpyro is new
2024-03-03 01:18:13,869:INFO:AnilistFeed.py: Fetching latest activity for AkiraNakamura | 389474720036290564
2024-03-03 01:18:14,048:INFO:AnilistFeed.py: Checking if activity for AkiraNakamura is new
2024-03-03 01:18:14,048:INFO:AnilistFeed.py: Fetching latest activity for Snakesepic | 474568724268187648
2024-03-03 01:18:14,244:INFO:AnilistFeed.py: Checking if activity for Snakesepic is new
2024-03-03 01:18:14,245:INFO:AnilistFeed.py: Fetching latest activity for EmbersofNovember | 833112981452750869
2024-03-03 01:18:14,453:INFO:AnilistFeed.py: Checking if activity for EmbersofNovember is new
2024-03-03 01:18:14,453:INFO:AnilistFeed.py: Fetching latest activity for jiggly08 | 875962318050172979
2024-03-03 01:18:14,680:INFO:AnilistFeed.py: Checking if activity for jiggly08 is new
2024-03-03 01:18:14,680:INFO:AnilistFeed.py: Fetching latest activity for pandabear99 | 955651036452905020
2024-03-03 01:18:14,875:INFO:AnilistFeed.py: Checking if activity for pandabear99 is new
2024-03-03 01:18:14,876:INFO:AnilistFeed.py: Fetching latest activity for PremiumLime | 958277287915159572
2024-03-03 01:18:15,088:INFO:AnilistFeed.py: Checking if activity for PremiumLime is new
2024-03-03 01:18:15,088:INFO:AnilistFeed.py: Fetching latest activity for chaosdragonsteel | 1109300306036133969
2024-03-03 01:18:15,290:INFO:AnilistFeed.py: Checking if activity for chaosdragonsteel is new
2024-03-03 01:18:15,290:INFO:AnilistFeed.py: Fetching latest activity for KiBubbless | 1157134343504920727
2024-03-03 01:18:15,534:INFO:AnilistFeed.py: Checking if activity for KiBubbless is new
2024-03-03 01:20:12,978:WARNING:AnilistFeed.py: Checking for updates. Possible high API calls.
2024-03-03 01:20:12,979:INFO:AnilistFeed.py: Fetching latest activity for CosmicUnicornFam | 236961890637578240
2024-03-03 01:20:13,192:INFO:AnilistFeed.py: Checking if activity for CosmicUnicornFam is new
2024-03-03 01:20:13,192:INFO:AnilistFeed.py: Fetching latest activity for exohayvan | 276782057412362241
2024-03-03 01:20:13,387:INFO:AnilistFeed.py: Checking if activity for exohayvan is new
2024-03-03 01:20:13,387:INFO:AnilistFeed.py: Fetching latest activity for XdevilsacidX | 300862398754193408
2024-03-03 01:20:13,612:INFO:AnilistFeed.py: Checking if activity for XdevilsacidX is new
2024-03-03 01:20:13,612:INFO:AnilistFeed.py: Fetching latest activity for SleepySpyro | 302587918026014720
2024-03-03 01:20:13,853:INFO:AnilistFeed.py: Checking if activity for SleepySpyro is new
2024-03-03 01:20:13,853:INFO:AnilistFeed.py: Fetching latest activity for AkiraNakamura | 389474720036290564
2024-03-03 01:20:14,076:INFO:AnilistFeed.py: Checking if activity for AkiraNakamura is new
2024-03-03 01:20:14,076:INFO:AnilistFeed.py: Fetching latest activity for Snakesepic | 474568724268187648
2024-03-03 01:20:14,269:INFO:AnilistFeed.py: Checking if activity for Snakesepic is new
2024-03-03 01:20:14,270:INFO:AnilistFeed.py: Fetching latest activity for EmbersofNovember | 833112981452750869
2024-03-03 01:20:14,508:INFO:AnilistFeed.py: Checking if activity for EmbersofNovember is new
2024-03-03 01:20:14,508:INFO:AnilistFeed.py: Fetching latest activity for jiggly08 | 875962318050172979
2024-03-03 01:20:14,724:INFO:AnilistFeed.py: Checking if activity for jiggly08 is new
2024-03-03 01:20:14,724:INFO:AnilistFeed.py: Fetching latest activity for pandabear99 | 955651036452905020
2024-03-03 01:20:14,919:INFO:AnilistFeed.py: Checking if activity for pandabear99 is new
2024-03-03 01:20:14,919:INFO:AnilistFeed.py: Fetching latest activity for PremiumLime | 958277287915159572
2024-03-03 01:20:15,126:INFO:AnilistFeed.py: Checking if activity for PremiumLime is new
2024-03-03 01:20:15,126:INFO:AnilistFeed.py: Fetching latest activity for chaosdragonsteel | 1109300306036133969
2024-03-03 01:20:15,317:INFO:AnilistFeed.py: Checking if activity for chaosdragonsteel is new
2024-03-03 01:20:15,317:INFO:AnilistFeed.py: Fetching latest activity for KiBubbless | 1157134343504920727
2024-03-03 01:20:15,544:INFO:AnilistFeed.py: Checking if activity for KiBubbless is new
2024-03-03 01:22:12,978:WARNING:AnilistFeed.py: Checking for updates. Possible high API calls.
2024-03-03 01:22:12,979:INFO:AnilistFeed.py: Fetching latest activity for CosmicUnicornFam | 236961890637578240
2024-03-03 01:22:13,213:INFO:AnilistFeed.py: Checking if activity for CosmicUnicornFam is new
2024-03-03 01:22:13,214:INFO:AnilistFeed.py: Fetching latest activity for exohayvan | 276782057412362241
2024-03-03 01:22:13,422:INFO:AnilistFeed.py: Checking if activity for exohayvan is new
2024-03-03 01:22:13,422:INFO:AnilistFeed.py: Fetching latest activity for XdevilsacidX | 300862398754193408
2024-03-03 01:22:13,645:INFO:AnilistFeed.py: Checking if activity for XdevilsacidX is new
2024-03-03 01:22:13,646:INFO:AnilistFeed.py: Fetching latest activity for SleepySpyro | 302587918026014720
2024-03-03 01:22:13,861:INFO:AnilistFeed.py: Checking if activity for SleepySpyro is new
2024-03-03 01:22:13,861:INFO:AnilistFeed.py: Fetching latest activity for AkiraNakamura | 389474720036290564
2024-03-03 01:22:14,081:INFO:AnilistFeed.py: Checking if activity for AkiraNakamura is new
2024-03-03 01:22:14,081:INFO:AnilistFeed.py: Fetching latest activity for Snakesepic | 474568724268187648
2024-03-03 01:22:14,326:INFO:AnilistFeed.py: Checking if activity for Snakesepic is new
2024-03-03 01:22:14,327:INFO:AnilistFeed.py: Fetching latest activity for EmbersofNovember | 833112981452750869
2024-03-03 01:22:14,552:INFO:AnilistFeed.py: Checking if activity for EmbersofNovember is new
2024-03-03 01:22:14,553:INFO:AnilistFeed.py: Fetching latest activity for jiggly08 | 875962318050172979
2024-03-03 01:22:14,786:INFO:AnilistFeed.py: Checking if activity for jiggly08 is new
2024-03-03 01:22:14,786:INFO:AnilistFeed.py: Fetching latest activity for pandabear99 | 955651036452905020
2024-03-03 01:22:14,994:INFO:AnilistFeed.py: Checking if activity for pandabear99 is new
2024-03-03 01:22:14,994:INFO:AnilistFeed.py: Fetching latest activity for PremiumLime | 958277287915159572
2024-03-03 01:22:15,216:INFO:AnilistFeed.py: Checking if activity for PremiumLime is new
2024-03-03 01:22:15,216:INFO:AnilistFeed.py: Fetching latest activity for chaosdragonsteel | 1109300306036133969
2024-03-03 01:22:15,410:INFO:AnilistFeed.py: Checking if activity for chaosdragonsteel is new
2024-03-03 01:22:15,410:INFO:AnilistFeed.py: Fetching latest activity for KiBubbless | 1157134343504920727
2024-03-03 01:22:15,627:INFO:AnilistFeed.py: Checking if activity for KiBubbless is new
2024-03-03 01:24:12,979:WARNING:AnilistFeed.py: Checking for updates. Possible high API calls.
2024-03-03 01:24:12,979:INFO:AnilistFeed.py: Fetching latest activity for CosmicUnicornFam | 236961890637578240
2024-03-03 01:24:13,210:INFO:AnilistFeed.py: Checking if activity for CosmicUnicornFam is new
2024-03-03 01:24:13,211:INFO:AnilistFeed.py: Fetching latest activity for exohayvan | 276782057412362241
2024-03-03 01:24:13,423:INFO:AnilistFeed.py: Checking if activity for exohayvan is new
2024-03-03 01:24:13,424:INFO:AnilistFeed.py: Fetching latest activity for XdevilsacidX | 300862398754193408
2024-03-03 01:24:13,665:INFO:AnilistFeed.py: Checking if activity for XdevilsacidX is new
2024-03-03 01:24:13,665:INFO:AnilistFeed.py: Fetching latest activity for SleepySpyro | 302587918026014720
2024-03-03 01:24:13,881:INFO:AnilistFeed.py: Checking if activity for SleepySpyro is new
2024-03-03 01:24:13,881:INFO:AnilistFeed.py: Fetching latest activity for AkiraNakamura | 389474720036290564
2024-03-03 01:24:14,105:INFO:AnilistFeed.py: Checking if activity for AkiraNakamura is new
2024-03-03 01:24:14,105:INFO:AnilistFeed.py: Fetching latest activity for Snakesepic | 474568724268187648
2024-03-03 01:24:14,325:INFO:AnilistFeed.py: Checking if activity for Snakesepic is new
2024-03-03 01:24:14,325:INFO:AnilistFeed.py: Fetching latest activity for EmbersofNovember | 833112981452750869
2024-03-03 01:24:14,520:INFO:AnilistFeed.py: Checking if activity for EmbersofNovember is new
2024-03-03 01:24:14,521:INFO:AnilistFeed.py: Fetching latest activity for jiggly08 | 875962318050172979
2024-03-03 01:24:14,750:INFO:AnilistFeed.py: Checking if activity for jiggly08 is new
2024-03-03 01:24:14,750:INFO:AnilistFeed.py: Fetching latest activity for pandabear99 | 955651036452905020
2024-03-03 01:24:14,940:INFO:AnilistFeed.py: Checking if activity for pandabear99 is new
2024-03-03 01:24:14,940:INFO:AnilistFeed.py: Fetching latest activity for PremiumLime | 958277287915159572
2024-03-03 01:24:15,153:INFO:AnilistFeed.py: Checking if activity for PremiumLime is new
2024-03-03 01:24:15,153:INFO:AnilistFeed.py: Fetching latest activity for chaosdragonsteel | 1109300306036133969
2024-03-03 01:24:15,338:INFO:AnilistFeed.py: Checking if activity for chaosdragonsteel is new
2024-03-03 01:24:15,338:INFO:AnilistFeed.py: Fetching latest activity for KiBubbless | 1157134343504920727
2024-03-03 01:24:15,547:INFO:AnilistFeed.py: Checking if activity for KiBubbless is new
2024-03-03 01:26:12,978:WARNING:AnilistFeed.py: Checking for updates. Possible high API calls.
2024-03-03 01:26:12,978:INFO:AnilistFeed.py: Fetching latest activity for CosmicUnicornFam | 236961890637578240
2024-03-03 01:26:13,202:INFO:AnilistFeed.py: Checking if activity for CosmicUnicornFam is new
2024-03-03 01:26:13,203:INFO:AnilistFeed.py: Fetching latest activity for exohayvan | 276782057412362241
2024-03-03 01:26:13,415:INFO:AnilistFeed.py: Checking if activity for exohayvan is new
2024-03-03 01:26:13,415:INFO:AnilistFeed.py: Fetching latest activity for XdevilsacidX | 300862398754193408
2024-03-03 01:26:13,617:INFO:AnilistFeed.py: Checking if activity for XdevilsacidX is new
2024-03-03 01:26:13,617:INFO:AnilistFeed.py: Fetching latest activity for SleepySpyro | 302587918026014720
2024-03-03 01:26:13,814:INFO:AnilistFeed.py: Checking if activity for SleepySpyro is new
2024-03-03 01:26:13,814:INFO:AnilistFeed.py: Fetching latest activity for AkiraNakamura | 389474720036290564
2024-03-03 01:26:14,004:INFO:AnilistFeed.py: Checking if activity for AkiraNakamura is new
2024-03-03 01:26:14,004:INFO:AnilistFeed.py: Fetching latest activity for Snakesepic | 474568724268187648
2024-03-03 01:26:14,222:INFO:AnilistFeed.py: Checking if activity for Snakesepic is new
2024-03-03 01:26:14,222:INFO:AnilistFeed.py: Fetching latest activity for EmbersofNovember | 833112981452750869
2024-03-03 01:26:14,442:INFO:AnilistFeed.py: Checking if activity for EmbersofNovember is new
2024-03-03 01:26:14,443:INFO:AnilistFeed.py: Fetching latest activity for jiggly08 | 875962318050172979
2024-03-03 01:26:14,666:INFO:AnilistFeed.py: Checking if activity for jiggly08 is new
2024-03-03 01:26:14,666:INFO:AnilistFeed.py: Fetching latest activity for pandabear99 | 955651036452905020
2024-03-03 01:26:14,884:INFO:AnilistFeed.py: Checking if activity for pandabear99 is new
2024-03-03 01:26:14,885:INFO:AnilistFeed.py: Fetching latest activity for PremiumLime | 958277287915159572
2024-03-03 01:26:15,090:INFO:AnilistFeed.py: Checking if activity for PremiumLime is new
2024-03-03 01:26:15,090:INFO:AnilistFeed.py: Fetching latest activity for chaosdragonsteel | 1109300306036133969
2024-03-03 01:26:15,304:INFO:AnilistFeed.py: Checking if activity for chaosdragonsteel is new
2024-03-03 01:26:15,304:INFO:AnilistFeed.py: Fetching latest activity for KiBubbless | 1157134343504920727
2024-03-03 01:26:15,533:INFO:AnilistFeed.py: Checking if activity for KiBubbless is new
2024-03-03 01:28:12,979:WARNING:AnilistFeed.py: Checking for updates. Possible high API calls.
2024-03-03 01:28:12,979:INFO:AnilistFeed.py: Fetching latest activity for CosmicUnicornFam | 236961890637578240
2024-03-03 01:28:13,197:INFO:AnilistFeed.py: Checking if activity for CosmicUnicornFam is new
2024-03-03 01:28:13,198:INFO:AnilistFeed.py: Fetching latest activity for exohayvan | 276782057412362241
2024-03-03 01:28:13,412:INFO:AnilistFeed.py: Checking if activity for exohayvan is new
2024-03-03 01:28:13,412:INFO:AnilistFeed.py: Fetching latest activity for XdevilsacidX | 300862398754193408
2024-03-03 01:28:13,629:INFO:AnilistFeed.py: Checking if activity for XdevilsacidX is new
2024-03-03 01:28:13,630:INFO:AnilistFeed.py: Fetching latest activity for SleepySpyro | 302587918026014720
2024-03-03 01:28:13,821:INFO:AnilistFeed.py: Checking if activity for SleepySpyro is new
2024-03-03 01:28:13,821:INFO:AnilistFeed.py: Fetching latest activity for AkiraNakamura | 389474720036290564
2024-03-03 01:28:14,029:INFO:AnilistFeed.py: Checking if activity for AkiraNakamura is new
2024-03-03 01:28:14,029:INFO:AnilistFeed.py: Fetching latest activity for Snakesepic | 474568724268187648
2024-03-03 01:28:14,232:INFO:AnilistFeed.py: Checking if activity for Snakesepic is new
2024-03-03 01:28:14,233:INFO:AnilistFeed.py: Fetching latest activity for EmbersofNovember | 833112981452750869
2024-03-03 01:28:14,440:INFO:AnilistFeed.py: Checking if activity for EmbersofNovember is new
2024-03-03 01:28:14,440:INFO:AnilistFeed.py: Fetching latest activity for jiggly08 | 875962318050172979
2024-03-03 01:28:14,629:INFO:AnilistFeed.py: Checking if activity for jiggly08 is new
2024-03-03 01:28:14,630:INFO:AnilistFeed.py: Fetching latest activity for pandabear99 | 955651036452905020
2024-03-03 01:28:14,858:INFO:AnilistFeed.py: Checking if activity for pandabear99 is new
2024-03-03 01:28:14,858:INFO:AnilistFeed.py: Fetching latest activity for PremiumLime | 958277287915159572
2024-03-03 01:28:15,082:INFO:AnilistFeed.py: Checking if activity for PremiumLime is new
2024-03-03 01:28:15,082:INFO:AnilistFeed.py: Fetching latest activity for chaosdragonsteel | 1109300306036133969
2024-03-03 01:28:15,295:INFO:AnilistFeed.py: Checking if activity for chaosdragonsteel is new
2024-03-03 01:28:15,295:INFO:AnilistFeed.py: Fetching latest activity for KiBubbless | 1157134343504920727
2024-03-03 01:28:15,502:INFO:AnilistFeed.py: Checking if activity for KiBubbless is new
2024-03-03 01:30:12,979:WARNING:AnilistFeed.py: Checking for updates. Possible high API calls.
2024-03-03 01:30:12,980:INFO:AnilistFeed.py: Fetching latest activity for CosmicUnicornFam | 236961890637578240
2024-03-03 01:30:13,224:INFO:AnilistFeed.py: Checking if activity for CosmicUnicornFam is new
2024-03-03 01:30:13,225:INFO:AnilistFeed.py: Fetching latest activity for exohayvan | 276782057412362241
2024-03-03 01:30:13,427:INFO:AnilistFeed.py: Checking if activity for exohayvan is new
2024-03-03 01:30:13,427:INFO:AnilistFeed.py: Fetching latest activity for XdevilsacidX | 300862398754193408
2024-03-03 01:30:13,625:INFO:AnilistFeed.py: Checking if activity for XdevilsacidX is new
2024-03-03 01:30:13,625:INFO:AnilistFeed.py: Fetching latest activity for SleepySpyro | 302587918026014720
2024-03-03 01:30:13,857:INFO:AnilistFeed.py: Checking if activity for SleepySpyro is new
2024-03-03 01:30:13,858:INFO:AnilistFeed.py: Fetching latest activity for AkiraNakamura | 389474720036290564
2024-03-03 01:30:14,088:INFO:AnilistFeed.py: Checking if activity for AkiraNakamura is new
2024-03-03 01:30:14,088:INFO:AnilistFeed.py: Fetching latest activity for Snakesepic | 474568724268187648
2024-03-03 01:30:14,282:INFO:AnilistFeed.py: Checking if activity for Snakesepic is new
2024-03-03 01:30:14,283:INFO:AnilistFeed.py: Fetching latest activity for EmbersofNovember | 833112981452750869
2024-03-03 01:30:14,515:INFO:AnilistFeed.py: Checking if activity for EmbersofNovember is new
2024-03-03 01:30:14,515:INFO:AnilistFeed.py: Fetching latest activity for jiggly08 | 875962318050172979
2024-03-03 01:30:14,700:INFO:AnilistFeed.py: Checking if activity for jiggly08 is new
2024-03-03 01:30:14,700:INFO:AnilistFeed.py: Fetching latest activity for pandabear99 | 955651036452905020
2024-03-03 01:30:14,899:INFO:AnilistFeed.py: Checking if activity for pandabear99 is new
2024-03-03 01:30:14,899:INFO:AnilistFeed.py: Fetching latest activity for PremiumLime | 958277287915159572
2024-03-03 01:30:15,089:INFO:AnilistFeed.py: Checking if activity for PremiumLime is new
2024-03-03 01:30:15,089:INFO:AnilistFeed.py: Fetching latest activity for chaosdragonsteel | 1109300306036133969
2024-03-03 01:30:15,291:INFO:AnilistFeed.py: Checking if activity for chaosdragonsteel is new
2024-03-03 01:30:15,291:INFO:AnilistFeed.py: Fetching latest activity for KiBubbless | 1157134343504920727
2024-03-03 01:30:15,497:INFO:AnilistFeed.py: Checking if activity for KiBubbless is new
2024-03-03 01:32:12,978:WARNING:AnilistFeed.py: Checking for updates. Possible high API calls.
2024-03-03 01:32:12,979:INFO:AnilistFeed.py: Fetching latest activity for CosmicUnicornFam | 236961890637578240
2024-03-03 01:32:13,228:INFO:AnilistFeed.py: Checking if activity for CosmicUnicornFam is new
2024-03-03 01:32:13,228:INFO:AnilistFeed.py: Fetching latest activity for exohayvan | 276782057412362241
2024-03-03 01:32:13,416:INFO:AnilistFeed.py: Checking if activity for exohayvan is new
2024-03-03 01:32:13,416:INFO:AnilistFeed.py: Fetching latest activity for XdevilsacidX | 300862398754193408
2024-03-03 01:32:13,600:INFO:AnilistFeed.py: Checking if activity for XdevilsacidX is new
2024-03-03 01:32:13,600:INFO:AnilistFeed.py: Fetching latest activity for SleepySpyro | 302587918026014720
2024-03-03 01:32:13,812:INFO:AnilistFeed.py: Checking if activity for SleepySpyro is new
2024-03-03 01:32:13,812:INFO:AnilistFeed.py: Fetching latest activity for AkiraNakamura | 389474720036290564
2024-03-03 01:32:14,030:INFO:AnilistFeed.py: Checking if activity for AkiraNakamura is new
2024-03-03 01:32:14,030:INFO:AnilistFeed.py: Fetching latest activity for Snakesepic | 474568724268187648
2024-03-03 01:32:14,235:INFO:AnilistFeed.py: Checking if activity for Snakesepic is new
2024-03-03 01:32:14,235:INFO:AnilistFeed.py: Fetching latest activity for EmbersofNovember | 833112981452750869
2024-03-03 01:32:14,456:INFO:AnilistFeed.py: Checking if activity for EmbersofNovember is new
2024-03-03 01:32:14,456:INFO:AnilistFeed.py: Fetching latest activity for jiggly08 | 875962318050172979
2024-03-03 01:32:14,663:INFO:AnilistFeed.py: Checking if activity for jiggly08 is new
2024-03-03 01:32:14,664:INFO:AnilistFeed.py: Fetching latest activity for pandabear99 | 955651036452905020
2024-03-03 01:32:14,849:INFO:AnilistFeed.py: Checking if activity for pandabear99 is new
2024-03-03 01:32:14,849:INFO:AnilistFeed.py: Fetching latest activity for PremiumLime | 958277287915159572
2024-03-03 01:32:15,050:INFO:AnilistFeed.py: Checking if activity for PremiumLime is new
2024-03-03 01:32:15,050:INFO:AnilistFeed.py: Fetching latest activity for chaosdragonsteel | 1109300306036133969
2024-03-03 01:32:15,263:INFO:AnilistFeed.py: Checking if activity for chaosdragonsteel is new
2024-03-03 01:32:15,263:INFO:AnilistFeed.py: Fetching latest activity for KiBubbless | 1157134343504920727
2024-03-03 01:32:15,459:INFO:AnilistFeed.py: Checking if activity for KiBubbless is new
2024-03-03 01:34:12,978:WARNING:AnilistFeed.py: Checking for updates. Possible high API calls.
2024-03-03 01:34:12,979:INFO:AnilistFeed.py: Fetching latest activity for CosmicUnicornFam | 236961890637578240
2024-03-03 01:34:13,165:INFO:AnilistFeed.py: Checking if activity for CosmicUnicornFam is new
2024-03-03 01:34:13,166:INFO:AnilistFeed.py: Fetching latest activity for exohayvan | 276782057412362241
2024-03-03 01:34:13,398:INFO:AnilistFeed.py: Checking if activity for exohayvan is new
2024-03-03 01:34:13,398:INFO:AnilistFeed.py: Fetching latest activity for XdevilsacidX | 300862398754193408
2024-03-03 01:34:13,630:INFO:AnilistFeed.py: Checking if activity for XdevilsacidX is new
2024-03-03 01:34:13,630:INFO:AnilistFeed.py: Fetching latest activity for SleepySpyro | 302587918026014720
2024-03-03 01:34:13,865:INFO:AnilistFeed.py: Checking if activity for SleepySpyro is new
2024-03-03 01:34:13,865:INFO:AnilistFeed.py: Fetching latest activity for AkiraNakamura | 389474720036290564
2024-03-03 01:34:14,099:INFO:AnilistFeed.py: Checking if activity for AkiraNakamura is new
2024-03-03 01:34:14,099:INFO:AnilistFeed.py: Fetching latest activity for Snakesepic | 474568724268187648
2024-03-03 01:34:14,303:INFO:AnilistFeed.py: Checking if activity for Snakesepic is new
2024-03-03 01:34:14,304:INFO:AnilistFeed.py: Fetching latest activity for EmbersofNovember | 833112981452750869
2024-03-03 01:34:14,509:INFO:AnilistFeed.py: Checking if activity for EmbersofNovember is new
2024-03-03 01:34:14,510:INFO:AnilistFeed.py: Fetching latest activity for jiggly08 | 875962318050172979
2024-03-03 01:34:14,732:INFO:AnilistFeed.py: Checking if activity for jiggly08 is new
2024-03-03 01:34:14,732:INFO:AnilistFeed.py: Fetching latest activity for pandabear99 | 955651036452905020
2024-03-03 01:34:14,919:INFO:AnilistFeed.py: Checking if activity for pandabear99 is new
2024-03-03 01:34:14,919:INFO:AnilistFeed.py: Fetching latest activity for PremiumLime | 958277287915159572
2024-03-03 01:34:15,122:INFO:AnilistFeed.py: Checking if activity for PremiumLime is new
2024-03-03 01:34:15,123:INFO:AnilistFeed.py: Fetching latest activity for chaosdragonsteel | 1109300306036133969
2024-03-03 01:34:15,392:INFO:AnilistFeed.py: Checking if activity for chaosdragonsteel is new
2024-03-03 01:34:15,392:INFO:AnilistFeed.py: Fetching latest activity for KiBubbless | 1157134343504920727
2024-03-03 01:34:15,606:INFO:AnilistFeed.py: Checking if activity for KiBubbless is new
