2024-02-24 19:32:14,839:INFO:ChannelRelay.py: ChannelRelay Cog Loaded. Logging started...
2024-02-24 19:32:28,087:INFO:ChannelRelay.py: Checking if slowmode is needed.
2024-02-24 19:32:38,072:INFO:ChannelRelay.py: Checking if slowmode is needed.
2024-02-24 19:32:48,072:INFO:ChannelRelay.py: Checking if slowmode is needed.
2024-02-24 19:32:58,073:INFO:ChannelRelay.py: Checking if slowmode is needed.
2024-02-24 19:33:08,072:INFO:ChannelRelay.py: Checking if slowmode is needed.
2024-02-24 19:33:08,072:WARNING:ChannelRelay.py: Slowmode needed. Calulating cooldown limit.
2024-02-24 19:33:18,073:INFO:ChannelRelay.py: Checking if slowmode is needed.
2024-02-24 19:33:18,073:WARNING:ChannelRelay.py: Slowmode needed. Calulating cooldown limit.
2024-02-24 19:33:28,081:INFO:ChannelRelay.py: Checking if slowmode is needed.
2024-02-24 19:33:28,082:WARNING:ChannelRelay.py: Slowmode needed. Calulating cooldown limit.
2024-02-24 19:33:28,082:WARNING:ChannelRelay.py: Slowmode needed. Calulating cooldown limit.
2024-02-24 19:33:38,072:INFO:ChannelRelay.py: Checking if slowmode is needed.
2024-02-24 19:33:38,073:WARNING:ChannelRelay.py: Slowmode needed. Calulating cooldown limit.
2024-02-24 19:33:38,073:WARNING:ChannelRelay.py: Slowmode needed. Calulating cooldown limit.
2024-02-24 19:33:48,074:INFO:ChannelRelay.py: Checking if slowmode is needed.
2024-02-24 19:33:48,075:WARNING:ChannelRelay.py: Slowmode needed. Calulating cooldown limit.
2024-02-24 19:33:48,075:WARNING:ChannelRelay.py: Slowmode needed. Calulating cooldown limit.
2024-02-24 19:33:58,081:INFO:ChannelRelay.py: Checking if slowmode is needed.
2024-02-24 19:33:58,085:WARNING:ChannelRelay.py: Slowmode needed. Calulating cooldown limit.
2024-02-24 19:33:58,086:WARNING:ChannelRelay.py: Slowmode needed. Calulating cooldown limit.
2024-02-24 19:34:08,077:INFO:ChannelRelay.py: Checking if slowmode is needed.
2024-02-24 19:34:08,078:WARNING:ChannelRelay.py: Slowmode needed. Calulating cooldown limit.
2024-02-24 19:34:08,078:WARNING:ChannelRelay.py: Slowmode needed. Calulating cooldown limit.
2024-02-24 19:34:08,315:WARNING:ChannelRelay.py: Slowmode enabled and set to 1
2024-02-24 19:34:18,076:INFO:ChannelRelay.py: Checking if slowmode is needed.
2024-02-24 19:34:18,077:WARNING:ChannelRelay.py: Slowmode needed. Calulating cooldown limit.
2024-02-24 19:34:18,077:WARNING:ChannelRelay.py: Slowmode needed. Calulating cooldown limit.
2024-02-24 19:34:28,073:INFO:ChannelRelay.py: Checking if slowmode is needed.
2024-02-24 19:34:28,074:WARNING:ChannelRelay.py: Slowmode needed. Calulating cooldown limit.
2024-02-24 19:34:28,074:WARNING:ChannelRelay.py: Slowmode needed. Calulating cooldown limit.
2024-02-24 19:34:30,933:WARNING:ChannelRelay.py: Slowmode enabled and set to 2
2024-02-24 19:34:38,073:INFO:ChannelRelay.py: Checking if slowmode is needed.
2024-02-24 19:34:38,074:WARNING:ChannelRelay.py: Slowmode needed. Calulating cooldown limit.
2024-02-24 19:34:38,075:WARNING:ChannelRelay.py: Slowmode needed. Calulating cooldown limit.
2024-02-24 19:34:38,075:WARNING:ChannelRelay.py: Slowmode needed. Calulating cooldown limit.
2024-02-24 19:34:48,072:INFO:ChannelRelay.py: Checking if slowmode is needed.
2024-02-24 19:34:48,073:WARNING:ChannelRelay.py: Slowmode needed. Calulating cooldown limit.
2024-02-24 19:34:48,073:WARNING:ChannelRelay.py: Slowmode needed. Calulating cooldown limit.
2024-02-24 19:34:48,073:WARNING:ChannelRelay.py: Slowmode needed. Calulating cooldown limit.
2024-02-24 19:34:58,073:INFO:ChannelRelay.py: Checking if slowmode is needed.
2024-02-24 19:34:58,074:WARNING:ChannelRelay.py: Slowmode needed. Calulating cooldown limit.
2024-02-24 19:34:58,074:WARNING:ChannelRelay.py: Slowmode needed. Calulating cooldown limit.
2024-02-24 19:34:58,074:WARNING:ChannelRelay.py: Slowmode needed. Calulating cooldown limit.
2024-02-24 19:35:08,073:INFO:ChannelRelay.py: Checking if slowmode is needed.
2024-02-24 19:35:08,074:WARNING:ChannelRelay.py: Slowmode needed. Calulating cooldown limit.
2024-02-24 19:35:08,074:WARNING:ChannelRelay.py: Slowmode needed. Calulating cooldown limit.
2024-02-24 19:35:08,074:WARNING:ChannelRelay.py: Slowmode needed. Calulating cooldown limit.
2024-02-24 19:35:18,072:INFO:ChannelRelay.py: Checking if slowmode is needed.
2024-02-24 19:35:18,073:WARNING:ChannelRelay.py: Slowmode needed. Calulating cooldown limit.
2024-02-24 19:35:18,074:WARNING:ChannelRelay.py: Slowmode needed. Calulating cooldown limit.
2024-02-24 19:35:18,074:WARNING:ChannelRelay.py: Slowmode needed. Calulating cooldown limit.
2024-02-24 19:35:28,072:INFO:ChannelRelay.py: Checking if slowmode is needed.
2024-02-24 19:35:28,073:WARNING:ChannelRelay.py: Slowmode needed. Calulating cooldown limit.
2024-02-24 19:35:28,073:WARNING:ChannelRelay.py: Slowmode needed. Calulating cooldown limit.
2024-02-24 19:35:28,074:WARNING:ChannelRelay.py: Slowmode needed. Calulating cooldown limit.
2024-02-24 19:35:36,548:WARNING:ChannelRelay.py: Slowmode enabled and set to 3
2024-02-24 19:35:38,073:INFO:ChannelRelay.py: Checking if slowmode is needed.
2024-02-24 19:35:38,073:WARNING:ChannelRelay.py: Slowmode needed. Calulating cooldown limit.
2024-02-24 19:35:38,074:WARNING:ChannelRelay.py: Slowmode needed. Calulating cooldown limit.
2024-02-24 19:35:38,074:WARNING:ChannelRelay.py: Slowmode needed. Calulating cooldown limit.
2024-02-24 19:35:48,072:INFO:ChannelRelay.py: Checking if slowmode is needed.
2024-02-24 19:35:48,074:WARNING:ChannelRelay.py: Slowmode needed. Calulating cooldown limit.
2024-02-24 19:35:48,074:WARNING:ChannelRelay.py: Slowmode needed. Calulating cooldown limit.
2024-02-24 19:35:48,074:WARNING:ChannelRelay.py: Slowmode needed. Calulating cooldown limit.
2024-02-24 19:35:58,073:INFO:ChannelRelay.py: Checking if slowmode is needed.
2024-02-24 19:35:58,073:WARNING:ChannelRelay.py: Slowmode needed. Calulating cooldown limit.
2024-02-24 19:35:58,074:WARNING:ChannelRelay.py: Slowmode needed. Calulating cooldown limit.
2024-02-24 19:35:58,074:WARNING:ChannelRelay.py: Slowmode needed. Calulating cooldown limit.
2024-02-24 19:36:08,072:INFO:ChannelRelay.py: Checking if slowmode is needed.
2024-02-24 19:36:08,074:WARNING:ChannelRelay.py: Slowmode needed. Calulating cooldown limit.
2024-02-24 19:36:08,074:WARNING:ChannelRelay.py: Slowmode needed. Calulating cooldown limit.
2024-02-24 19:36:08,074:WARNING:ChannelRelay.py: Slowmode needed. Calulating cooldown limit.
2024-02-24 19:36:18,072:INFO:ChannelRelay.py: Checking if slowmode is needed.
2024-02-24 19:36:18,074:WARNING:ChannelRelay.py: Slowmode needed. Calulating cooldown limit.
2024-02-24 19:36:18,074:WARNING:ChannelRelay.py: Slowmode needed. Calulating cooldown limit.
2024-02-24 19:36:18,074:WARNING:ChannelRelay.py: Slowmode needed. Calulating cooldown limit.
2024-02-24 19:36:28,073:INFO:ChannelRelay.py: Checking if slowmode is needed.
2024-02-24 19:36:28,073:WARNING:ChannelRelay.py: Slowmode needed. Calulating cooldown limit.
2024-02-24 19:36:28,074:WARNING:ChannelRelay.py: Slowmode needed. Calulating cooldown limit.
2024-02-24 19:36:28,074:WARNING:ChannelRelay.py: Slowmode needed. Calulating cooldown limit.
2024-02-24 19:36:38,072:INFO:ChannelRelay.py: Checking if slowmode is needed.
2024-02-24 19:36:38,073:WARNING:ChannelRelay.py: Slowmode needed. Calulating cooldown limit.
2024-02-24 19:36:38,073:WARNING:ChannelRelay.py: Slowmode needed. Calulating cooldown limit.
2024-02-24 19:36:38,073:WARNING:ChannelRelay.py: Slowmode needed. Calulating cooldown limit.
2024-02-24 19:36:43,021:ERROR:ChannelRelay.py: An error occurred while trying to delete a message: 429 Too Many Requests (error code: 0): You are being rate limited.
2024-02-24 19:36:43,026:ERROR:ChannelRelay.py: An error occurred while trying to delete a message: 429 Too Many Requests (error code: 0): You are being rate limited.
2024-02-24 19:36:45,019:ERROR:ChannelRelay.py: An error occurred while trying to delete a message: 429 Too Many Requests (error code: 0): You are being rate limited.
2024-02-24 19:36:45,028:ERROR:ChannelRelay.py: An error occurred while trying to delete a message: 429 Too Many Requests (error code: 0): You are being rate limited.
2024-02-24 19:36:46,018:ERROR:ChannelRelay.py: An error occurred while trying to delete a message: 429 Too Many Requests (error code: 0): You are being rate limited.
2024-02-24 19:36:46,026:ERROR:ChannelRelay.py: An error occurred while trying to delete a message: 429 Too Many Requests (error code: 0): You are being rate limited.
2024-02-24 19:36:48,020:ERROR:ChannelRelay.py: An error occurred while trying to delete a message: 429 Too Many Requests (error code: 0): You are being rate limited.
2024-02-24 19:36:48,075:INFO:ChannelRelay.py: Checking if slowmode is needed.
2024-02-24 19:36:48,076:WARNING:ChannelRelay.py: Slowmode needed. Calulating cooldown limit.
2024-02-24 19:36:48,076:WARNING:ChannelRelay.py: Slowmode needed. Calulating cooldown limit.
2024-02-24 19:36:48,076:WARNING:ChannelRelay.py: Slowmode needed. Calulating cooldown limit.
2024-02-24 19:36:48,323:WARNING:ChannelRelay.py: Slowmode enabled and set to 5
2024-02-24 19:36:50,028:ERROR:ChannelRelay.py: An error occurred while trying to delete a message: 429 Too Many Requests (error code: 0): You are being rate limited.
2024-02-24 19:36:56,016:ERROR:ChannelRelay.py: An error occurred while trying to delete a message: 429 Too Many Requests (error code: 0): You are being rate limited.
2024-02-24 19:36:58,073:INFO:ChannelRelay.py: Checking if slowmode is needed.
2024-02-24 19:36:58,073:WARNING:ChannelRelay.py: Slowmode needed. Calulating cooldown limit.
2024-02-24 19:36:58,073:WARNING:ChannelRelay.py: Slowmode needed. Calulating cooldown limit.
2024-02-24 19:36:58,074:WARNING:ChannelRelay.py: Slowmode needed. Calulating cooldown limit.
2024-02-24 19:37:08,073:INFO:ChannelRelay.py: Checking if slowmode is needed.
2024-02-24 19:37:08,074:WARNING:ChannelRelay.py: Slowmode needed. Calulating cooldown limit.
2024-02-24 19:37:08,074:WARNING:ChannelRelay.py: Slowmode needed. Calulating cooldown limit.
2024-02-24 19:37:08,074:WARNING:ChannelRelay.py: Slowmode needed. Calulating cooldown limit.
2024-02-24 19:37:18,073:INFO:ChannelRelay.py: Checking if slowmode is needed.
2024-02-24 19:37:18,073:WARNING:ChannelRelay.py: Slowmode needed. Calulating cooldown limit.
2024-02-24 19:37:18,073:WARNING:ChannelRelay.py: Slowmode needed. Calulating cooldown limit.
2024-02-24 19:37:18,073:WARNING:ChannelRelay.py: Slowmode needed. Calulating cooldown limit.
2024-02-24 19:37:18,273:WARNING:ChannelRelay.py: Slowmode enabled and set to 6
2024-02-24 19:37:40,027:ERROR:ChannelRelay.py: An error occurred while trying to delete a message: 429 Too Many Requests (error code: 0): You are being rate limited.
2024-02-24 19:37:41,025:ERROR:ChannelRelay.py: An error occurred while trying to delete a message: 429 Too Many Requests (error code: 0): You are being rate limited.
2024-02-24 19:37:47,023:ERROR:ChannelRelay.py: An error occurred while trying to delete a message: 429 Too Many Requests (error code: 0): You are being rate limited.
2024-02-24 19:37:47,117:INFO:ChannelRelay.py: Checking if slowmode is needed.
2024-02-24 19:37:47,118:WARNING:ChannelRelay.py: Slowmode needed. Calulating cooldown limit.
2024-02-24 19:37:47,118:WARNING:ChannelRelay.py: Slowmode needed. Calulating cooldown limit.
2024-02-24 19:37:47,118:WARNING:ChannelRelay.py: Slowmode needed. Calulating cooldown limit.
2024-02-24 19:37:47,307:WARNING:ChannelRelay.py: Slowmode enabled and set to 8
2024-02-24 19:37:52,324:INFO:ChannelRelay.py: Checking if slowmode is needed.
2024-02-24 19:37:52,325:WARNING:ChannelRelay.py: Slowmode needed. Calulating cooldown limit.
2024-02-24 19:37:52,325:WARNING:ChannelRelay.py: Slowmode needed. Calulating cooldown limit.
2024-02-24 19:37:52,325:WARNING:ChannelRelay.py: Slowmode needed. Calulating cooldown limit.
2024-02-24 19:37:52,325:INFO:ChannelRelay.py: Checking if slowmode is needed.
2024-02-24 19:37:52,325:WARNING:ChannelRelay.py: Slowmode needed. Calulating cooldown limit.
2024-02-24 19:37:52,325:WARNING:ChannelRelay.py: Slowmode needed. Calulating cooldown limit.
2024-02-24 19:37:52,325:WARNING:ChannelRelay.py: Slowmode needed. Calulating cooldown limit.
2024-02-24 19:37:58,073:INFO:ChannelRelay.py: Checking if slowmode is needed.
2024-02-24 19:37:58,074:WARNING:ChannelRelay.py: Slowmode needed. Calulating cooldown limit.
2024-02-24 19:37:58,074:WARNING:ChannelRelay.py: Slowmode needed. Calulating cooldown limit.
2024-02-24 19:37:58,074:WARNING:ChannelRelay.py: Slowmode needed. Calulating cooldown limit.
2024-02-24 19:38:02,015:ERROR:ChannelRelay.py: An error occurred while trying to delete a message: 429 Too Many Requests (error code: 0): You are being rate limited.
2024-02-24 19:38:06,018:ERROR:ChannelRelay.py: An error occurred while trying to delete a message: 429 Too Many Requests (error code: 0): You are being rate limited.
2024-02-24 19:38:08,072:INFO:ChannelRelay.py: Checking if slowmode is needed.
2024-02-24 19:38:08,072:WARNING:ChannelRelay.py: Slowmode needed. Calulating cooldown limit.
2024-02-24 19:38:08,073:WARNING:ChannelRelay.py: Slowmode needed. Calulating cooldown limit.
2024-02-24 19:38:08,073:WARNING:ChannelRelay.py: Slowmode needed. Calulating cooldown limit.
2024-02-24 19:38:08,258:WARNING:ChannelRelay.py: Slowmode enabled and set to 9
2024-02-24 19:38:18,072:INFO:ChannelRelay.py: Checking if slowmode is needed.
2024-02-24 19:38:18,073:WARNING:ChannelRelay.py: Slowmode needed. Calulating cooldown limit.
2024-02-24 19:38:18,073:WARNING:ChannelRelay.py: Slowmode needed. Calulating cooldown limit.
2024-02-24 19:38:18,073:WARNING:ChannelRelay.py: Slowmode needed. Calulating cooldown limit.
2024-02-24 19:38:18,258:WARNING:ChannelRelay.py: Slowmode enabled and set to 10
2024-02-24 19:38:28,073:INFO:ChannelRelay.py: Checking if slowmode is needed.
2024-02-24 19:38:28,073:WARNING:ChannelRelay.py: Slowmode needed. Calulating cooldown limit.
2024-02-24 19:38:28,073:WARNING:ChannelRelay.py: Slowmode needed. Calulating cooldown limit.
2024-02-24 19:38:28,073:WARNING:ChannelRelay.py: Slowmode needed. Calulating cooldown limit.
2024-02-24 19:38:38,073:INFO:ChannelRelay.py: Checking if slowmode is needed.
2024-02-24 19:38:38,073:WARNING:ChannelRelay.py: Slowmode needed. Calulating cooldown limit.
2024-02-24 19:38:38,073:WARNING:ChannelRelay.py: Slowmode needed. Calulating cooldown limit.
2024-02-24 19:38:38,073:WARNING:ChannelRelay.py: Slowmode needed. Calulating cooldown limit.
2024-02-24 19:38:48,073:INFO:ChannelRelay.py: Checking if slowmode is needed.
2024-02-24 19:38:48,073:WARNING:ChannelRelay.py: Slowmode needed. Calulating cooldown limit.
2024-02-24 19:38:48,074:WARNING:ChannelRelay.py: Slowmode needed. Calulating cooldown limit.
2024-02-24 19:38:48,074:WARNING:ChannelRelay.py: Slowmode needed. Calulating cooldown limit.
2024-02-24 19:38:48,346:WARNING:ChannelRelay.py: Slowmode enabled and set to 11
2024-02-24 19:38:58,072:INFO:ChannelRelay.py: Checking if slowmode is needed.
2024-02-24 19:38:58,073:WARNING:ChannelRelay.py: Slowmode needed. Calulating cooldown limit.
2024-02-24 19:38:58,073:WARNING:ChannelRelay.py: Slowmode needed. Calulating cooldown limit.
2024-02-24 19:38:58,073:WARNING:ChannelRelay.py: Slowmode needed. Calulating cooldown limit.
2024-02-24 19:39:08,072:INFO:ChannelRelay.py: Checking if slowmode is needed.
2024-02-24 19:39:08,073:WARNING:ChannelRelay.py: Slowmode needed. Calulating cooldown limit.
2024-02-24 19:39:08,073:WARNING:ChannelRelay.py: Slowmode needed. Calulating cooldown limit.
2024-02-24 19:39:08,073:WARNING:ChannelRelay.py: Slowmode needed. Calulating cooldown limit.
2024-02-24 19:39:18,073:INFO:ChannelRelay.py: Checking if slowmode is needed.
2024-02-24 19:39:18,074:WARNING:ChannelRelay.py: Slowmode needed. Calulating cooldown limit.
2024-02-24 19:39:18,074:WARNING:ChannelRelay.py: Slowmode needed. Calulating cooldown limit.
2024-02-24 19:39:18,074:WARNING:ChannelRelay.py: Slowmode needed. Calulating cooldown limit.
2024-02-24 19:39:28,073:INFO:ChannelRelay.py: Checking if slowmode is needed.
2024-02-24 19:39:28,075:WARNING:ChannelRelay.py: Slowmode needed. Calulating cooldown limit.
2024-02-24 19:39:28,075:WARNING:ChannelRelay.py: Slowmode needed. Calulating cooldown limit.
2024-02-24 19:39:28,075:WARNING:ChannelRelay.py: Slowmode needed. Calulating cooldown limit.
2024-02-24 19:39:40,024:INFO:ChannelRelay.py: Checking if slowmode is needed.
2024-02-24 19:39:40,024:WARNING:ChannelRelay.py: Slowmode needed. Calulating cooldown limit.
2024-02-24 19:39:40,024:WARNING:ChannelRelay.py: Slowmode needed. Calulating cooldown limit.
2024-02-24 19:39:40,024:WARNING:ChannelRelay.py: Slowmode needed. Calulating cooldown limit.
2024-02-24 19:39:48,073:INFO:ChannelRelay.py: Checking if slowmode is needed.
2024-02-24 19:39:48,075:WARNING:ChannelRelay.py: Slowmode needed. Calulating cooldown limit.
2024-02-24 19:39:48,075:WARNING:ChannelRelay.py: Slowmode needed. Calulating cooldown limit.
2024-02-24 19:39:48,075:WARNING:ChannelRelay.py: Slowmode needed. Calulating cooldown limit.
2024-02-24 19:39:58,073:INFO:ChannelRelay.py: Checking if slowmode is needed.
2024-02-24 19:39:58,078:WARNING:ChannelRelay.py: Slowmode needed. Calulating cooldown limit.
2024-02-24 19:39:58,079:WARNING:ChannelRelay.py: Slowmode needed. Calulating cooldown limit.
2024-02-24 19:39:58,079:WARNING:ChannelRelay.py: Slowmode needed. Calulating cooldown limit.
2024-02-24 19:40:08,072:INFO:ChannelRelay.py: Checking if slowmode is needed.
2024-02-24 19:40:08,074:WARNING:ChannelRelay.py: Slowmode needed. Calulating cooldown limit.
2024-02-24 19:40:08,074:WARNING:ChannelRelay.py: Slowmode needed. Calulating cooldown limit.
2024-02-24 19:40:08,074:WARNING:ChannelRelay.py: Slowmode needed. Calulating cooldown limit.
2024-02-24 19:40:18,072:INFO:ChannelRelay.py: Checking if slowmode is needed.
2024-02-24 19:40:18,073:WARNING:ChannelRelay.py: Slowmode needed. Calulating cooldown limit.
2024-02-24 19:40:18,073:WARNING:ChannelRelay.py: Slowmode needed. Calulating cooldown limit.
2024-02-24 19:40:18,073:WARNING:ChannelRelay.py: Slowmode needed. Calulating cooldown limit.
2024-02-24 19:40:28,073:INFO:ChannelRelay.py: Checking if slowmode is needed.
2024-02-24 19:40:28,074:WARNING:ChannelRelay.py: Slowmode needed. Calulating cooldown limit.
2024-02-24 19:40:28,074:WARNING:ChannelRelay.py: Slowmode needed. Calulating cooldown limit.
2024-02-24 19:40:28,074:WARNING:ChannelRelay.py: Slowmode needed. Calulating cooldown limit.
2024-02-24 19:40:38,072:INFO:ChannelRelay.py: Checking if slowmode is needed.
2024-02-24 19:40:38,072:WARNING:ChannelRelay.py: Slowmode needed. Calulating cooldown limit.
2024-02-24 19:40:38,073:WARNING:ChannelRelay.py: Slowmode needed. Calulating cooldown limit.
2024-02-24 19:40:38,073:WARNING:ChannelRelay.py: Slowmode needed. Calulating cooldown limit.
2024-02-24 19:40:48,072:INFO:ChannelRelay.py: Checking if slowmode is needed.
2024-02-24 19:40:48,072:WARNING:ChannelRelay.py: Slowmode needed. Calulating cooldown limit.
2024-02-24 19:40:48,073:WARNING:ChannelRelay.py: Slowmode needed. Calulating cooldown limit.
2024-02-24 19:40:48,073:WARNING:ChannelRelay.py: Slowmode needed. Calulating cooldown limit.
2024-02-24 19:40:58,073:INFO:ChannelRelay.py: Checking if slowmode is needed.
2024-02-24 19:40:58,074:WARNING:ChannelRelay.py: Slowmode needed. Calulating cooldown limit.
2024-02-24 19:40:58,074:WARNING:ChannelRelay.py: Slowmode needed. Calulating cooldown limit.
2024-02-24 19:40:58,075:WARNING:ChannelRelay.py: Slowmode needed. Calulating cooldown limit.
2024-02-24 19:41:08,072:INFO:ChannelRelay.py: Checking if slowmode is needed.
2024-02-24 19:41:08,074:WARNING:ChannelRelay.py: Slowmode needed. Calulating cooldown limit.
2024-02-24 19:41:08,074:WARNING:ChannelRelay.py: Slowmode needed. Calulating cooldown limit.
2024-02-24 19:41:08,074:WARNING:ChannelRelay.py: Slowmode needed. Calulating cooldown limit.
2024-02-24 19:41:18,073:INFO:ChannelRelay.py: Checking if slowmode is needed.
2024-02-24 19:41:18,074:WARNING:ChannelRelay.py: Slowmode needed. Calulating cooldown limit.
2024-02-24 19:41:18,074:WARNING:ChannelRelay.py: Slowmode needed. Calulating cooldown limit.
2024-02-24 19:41:18,074:WARNING:ChannelRelay.py: Slowmode needed. Calulating cooldown limit.
2024-02-24 19:41:28,072:INFO:ChannelRelay.py: Checking if slowmode is needed.
2024-02-24 19:41:28,074:WARNING:ChannelRelay.py: Slowmode needed. Calulating cooldown limit.
2024-02-24 19:41:28,074:WARNING:ChannelRelay.py: Slowmode needed. Calulating cooldown limit.
2024-02-24 19:41:28,074:WARNING:ChannelRelay.py: Slowmode needed. Calulating cooldown limit.
2024-02-24 19:41:38,073:INFO:ChannelRelay.py: Checking if slowmode is needed.
2024-02-24 19:41:38,075:WARNING:ChannelRelay.py: Slowmode needed. Calulating cooldown limit.
2024-02-24 19:41:38,075:WARNING:ChannelRelay.py: Slowmode needed. Calulating cooldown limit.
2024-02-24 19:41:38,075:WARNING:ChannelRelay.py: Slowmode needed. Calulating cooldown limit.
2024-02-24 19:41:48,072:INFO:ChannelRelay.py: Checking if slowmode is needed.
2024-02-24 19:41:48,073:WARNING:ChannelRelay.py: Slowmode needed. Calulating cooldown limit.
2024-02-24 19:41:48,073:WARNING:ChannelRelay.py: Slowmode needed. Calulating cooldown limit.
2024-02-24 19:41:48,073:WARNING:ChannelRelay.py: Slowmode needed. Calulating cooldown limit.
2024-02-24 19:41:58,073:INFO:ChannelRelay.py: Checking if slowmode is needed.
2024-02-24 19:41:58,074:WARNING:ChannelRelay.py: Slowmode needed. Calulating cooldown limit.
2024-02-24 19:41:58,074:WARNING:ChannelRelay.py: Slowmode needed. Calulating cooldown limit.
2024-02-24 19:41:58,074:WARNING:ChannelRelay.py: Slowmode needed. Calulating cooldown limit.
2024-02-24 19:42:08,072:INFO:ChannelRelay.py: Checking if slowmode is needed.
2024-02-24 19:42:08,073:WARNING:ChannelRelay.py: Slowmode needed. Calulating cooldown limit.
2024-02-24 19:42:08,073:WARNING:ChannelRelay.py: Slowmode needed. Calulating cooldown limit.
2024-02-24 19:42:08,073:WARNING:ChannelRelay.py: Slowmode needed. Calulating cooldown limit.
2024-02-24 19:42:18,072:INFO:ChannelRelay.py: Checking if slowmode is needed.
2024-02-24 19:42:18,072:WARNING:ChannelRelay.py: Slowmode needed. Calulating cooldown limit.
2024-02-24 19:42:18,072:WARNING:ChannelRelay.py: Slowmode needed. Calulating cooldown limit.
2024-02-24 19:42:18,072:WARNING:ChannelRelay.py: Slowmode needed. Calulating cooldown limit.
2024-02-24 19:42:28,074:INFO:ChannelRelay.py: Checking if slowmode is needed.
2024-02-24 19:42:28,074:WARNING:ChannelRelay.py: Slowmode needed. Calulating cooldown limit.
2024-02-24 19:42:28,075:WARNING:ChannelRelay.py: Slowmode needed. Calulating cooldown limit.
2024-02-24 19:42:28,075:WARNING:ChannelRelay.py: Slowmode needed. Calulating cooldown limit.
2024-02-24 19:42:38,072:INFO:ChannelRelay.py: Checking if slowmode is needed.
2024-02-24 19:42:38,073:WARNING:ChannelRelay.py: Slowmode needed. Calulating cooldown limit.
2024-02-24 19:42:38,073:WARNING:ChannelRelay.py: Slowmode needed. Calulating cooldown limit.
2024-02-24 19:42:38,073:WARNING:ChannelRelay.py: Slowmode needed. Calulating cooldown limit.
2024-02-24 19:42:48,072:INFO:ChannelRelay.py: Checking if slowmode is needed.
2024-02-24 19:42:48,073:WARNING:ChannelRelay.py: Slowmode needed. Calulating cooldown limit.
2024-02-24 19:42:48,073:WARNING:ChannelRelay.py: Slowmode needed. Calulating cooldown limit.
2024-02-24 19:42:48,073:WARNING:ChannelRelay.py: Slowmode needed. Calulating cooldown limit.
2024-02-24 19:42:58,073:INFO:ChannelRelay.py: Checking if slowmode is needed.
2024-02-24 19:42:58,073:WARNING:ChannelRelay.py: Slowmode needed. Calulating cooldown limit.
2024-02-24 19:42:58,074:WARNING:ChannelRelay.py: Slowmode needed. Calulating cooldown limit.
2024-02-24 19:42:58,074:WARNING:ChannelRelay.py: Slowmode needed. Calulating cooldown limit.
2024-02-24 19:43:08,073:INFO:ChannelRelay.py: Checking if slowmode is needed.
2024-02-24 19:43:08,074:WARNING:ChannelRelay.py: Slowmode needed. Calulating cooldown limit.
2024-02-24 19:43:08,074:WARNING:ChannelRelay.py: Slowmode needed. Calulating cooldown limit.
2024-02-24 19:43:08,074:WARNING:ChannelRelay.py: Slowmode needed. Calulating cooldown limit.
2024-02-24 19:43:18,073:INFO:ChannelRelay.py: Checking if slowmode is needed.
2024-02-24 19:43:18,074:WARNING:ChannelRelay.py: Slowmode needed. Calulating cooldown limit.
2024-02-24 19:43:18,074:WARNING:ChannelRelay.py: Slowmode needed. Calulating cooldown limit.
2024-02-24 19:43:18,074:WARNING:ChannelRelay.py: Slowmode needed. Calulating cooldown limit.
2024-02-24 19:43:28,073:INFO:ChannelRelay.py: Checking if slowmode is needed.
2024-02-24 19:43:28,074:WARNING:ChannelRelay.py: Slowmode needed. Calulating cooldown limit.
2024-02-24 19:43:28,074:WARNING:ChannelRelay.py: Slowmode needed. Calulating cooldown limit.
2024-02-24 19:43:28,074:WARNING:ChannelRelay.py: Slowmode needed. Calulating cooldown limit.
2024-02-24 19:43:38,075:INFO:ChannelRelay.py: Checking if slowmode is needed.
2024-02-24 19:43:38,076:WARNING:ChannelRelay.py: Slowmode needed. Calulating cooldown limit.
2024-02-24 19:43:38,076:WARNING:ChannelRelay.py: Slowmode needed. Calulating cooldown limit.
2024-02-24 19:43:38,077:WARNING:ChannelRelay.py: Slowmode needed. Calulating cooldown limit.
2024-02-24 19:43:48,073:INFO:ChannelRelay.py: Checking if slowmode is needed.
2024-02-24 19:43:48,074:WARNING:ChannelRelay.py: Slowmode needed. Calulating cooldown limit.
2024-02-24 19:43:48,074:WARNING:ChannelRelay.py: Slowmode needed. Calulating cooldown limit.
2024-02-24 19:43:48,074:WARNING:ChannelRelay.py: Slowmode needed. Calulating cooldown limit.
2024-02-24 19:43:58,073:INFO:ChannelRelay.py: Checking if slowmode is needed.
2024-02-24 19:43:58,074:WARNING:ChannelRelay.py: Slowmode needed. Calulating cooldown limit.
2024-02-24 19:43:58,074:WARNING:ChannelRelay.py: Slowmode needed. Calulating cooldown limit.
2024-02-24 19:43:58,074:WARNING:ChannelRelay.py: Slowmode needed. Calulating cooldown limit.
