2024-02-24 19:32:27,912:INFO:Counter.py: Counter Cog Loaded. Logging started...
2024-02-24 19:32:29,619:INFO:Counter.py: Updating counters
2024-02-24 19:32:29,619:INFO:Counter.py: Processing guild: 1118761994821058611
2024-02-24 19:32:29,619:INFO:Counter.py: Processing guild: 1124304256518848543
2024-02-24 19:32:29,619:INFO:Counter.py: Processing guild: 1188880503332417576
2024-02-24 19:32:29,620:INFO:Counter.py: Processing guild: 1130806194676715641
2024-02-24 19:32:29,620:INFO:Counter.py: Processing guild: 1082157359796863056
2024-02-24 19:32:29,620:INFO:Counter.py: Processing guild: 1134618462044565645
2024-02-24 19:32:29,620:INFO:Counter.py: Processing guild: 1139527859703119873
2024-02-24 19:32:29,620:INFO:Counter.py: Processing guild: 1007100260897804319
2024-02-24 19:32:29,620:INFO:Counter.py: Processing guild: 386511213640810503
2024-02-24 19:32:29,620:INFO:Counter.py: Processing guild: 1130879774219321384
2024-02-24 19:32:29,620:INFO:Counter.py: Processing guild: 1184350814584705044
2024-02-24 19:32:29,620:INFO:Counter.py: Processing guild: 1194917576577400852
2024-02-24 19:32:29,620:INFO:Counter.py: Processing guild: 1122200744997703730
2024-02-24 19:32:29,620:INFO:Counter.py: Processing guild: 1048954108956123247
2024-02-24 19:32:29,620:INFO:Counter.py: Processing guild: 1120829006896435330
2024-02-24 19:32:29,620:INFO:Counter.py: Processing guild: 1133954317796266135
2024-02-24 19:32:29,620:INFO:Counter.py: Processing guild: 1125543712718606336
2024-02-24 19:32:29,620:INFO:Counter.py: Processing guild: 1198850436657066044
2024-02-24 19:32:29,620:INFO:Counter.py: Processing guild: 527052228297752596
2024-02-24 19:32:29,620:INFO:Counter.py: Processing guild: 1122200877919383743
2024-02-24 19:32:29,620:INFO:Counter.py: Processing guild: 784233078842982441
2024-02-24 19:32:29,620:INFO:Counter.py: Processing guild: 1025505760882470975
2024-02-24 19:32:29,620:INFO:Counter.py: Processing guild: 1183597038995251221
2024-02-24 19:32:29,620:INFO:Counter.py: Processing guild: 697884131731832852
2024-02-24 19:32:29,620:INFO:Counter.py: Processing guild: 846783510601138186
2024-02-24 19:32:29,620:INFO:Counter.py: Processing guild: 990232528281563187
2024-02-24 19:32:29,620:INFO:Counter.py: Processing guild: 1153193684867764236
2024-02-24 19:32:29,620:INFO:Counter.py: Processing guild: 110373943822540800
2024-02-24 19:32:29,620:INFO:Counter.py: Processing guild: 684487765852946460
2024-02-24 19:32:29,620:INFO:Counter.py: Processing guild: 761673024004816936
2024-02-24 19:32:29,620:INFO:Counter.py: Found channel ID in DB: 1184986407215841394
2024-02-24 19:32:29,620:INFO:Counter.py: Channel found: 1184986407215841394
2024-02-24 19:32:29,620:INFO:Counter.py: Updating counter for channel: 1184986407215841394 in guild: 761673024004816936
2024-02-24 19:32:29,620:INFO:Counter.py: No update needed for channel: 1184986407215841394
2024-02-24 19:32:29,620:INFO:Counter.py: Processing guild: 1137194451756912700
2024-02-24 19:32:29,620:INFO:Counter.py: Processing guild: 1194368133822173184
2024-02-24 19:32:29,620:INFO:Counter.py: Processing guild: 599096942567489549
2024-02-24 19:32:29,620:INFO:Counter.py: Processing guild: 1174862782521417818
2024-02-24 19:32:29,620:INFO:Counter.py: Processing guild: 1210253832253087844
2024-02-24 19:32:29,620:INFO:Counter.py: Processing guild: 1182782397775892540
2024-02-24 19:32:29,620:INFO:Counter.py: Processing guild: 1196263507281326160
2024-02-24 19:32:29,620:INFO:Counter.py: Processing guild: 700701341105782850
2024-02-24 19:32:29,620:INFO:Counter.py: Processing guild: 1074536450353287188
2024-02-24 19:34:30,934:INFO:Counter.py: Updating counters
2024-02-24 19:34:30,935:INFO:Counter.py: Processing guild: 1118761994821058611
2024-02-24 19:34:30,936:INFO:Counter.py: Processing guild: 1124304256518848543
2024-02-24 19:34:30,936:INFO:Counter.py: Processing guild: 1188880503332417576
2024-02-24 19:34:30,936:INFO:Counter.py: Processing guild: 1130806194676715641
2024-02-24 19:34:30,936:INFO:Counter.py: Processing guild: 1082157359796863056
2024-02-24 19:34:30,936:INFO:Counter.py: Processing guild: 1134618462044565645
2024-02-24 19:34:30,936:INFO:Counter.py: Processing guild: 1139527859703119873
2024-02-24 19:34:30,936:INFO:Counter.py: Processing guild: 1007100260897804319
2024-02-24 19:34:30,936:INFO:Counter.py: Processing guild: 386511213640810503
2024-02-24 19:34:30,936:INFO:Counter.py: Processing guild: 1130879774219321384
2024-02-24 19:34:30,936:INFO:Counter.py: Processing guild: 1184350814584705044
2024-02-24 19:34:30,936:INFO:Counter.py: Processing guild: 1194917576577400852
2024-02-24 19:34:30,936:INFO:Counter.py: Processing guild: 1122200744997703730
2024-02-24 19:34:30,936:INFO:Counter.py: Processing guild: 1048954108956123247
2024-02-24 19:34:30,936:INFO:Counter.py: Processing guild: 1120829006896435330
2024-02-24 19:34:30,936:INFO:Counter.py: Processing guild: 1133954317796266135
2024-02-24 19:34:30,936:INFO:Counter.py: Processing guild: 1125543712718606336
2024-02-24 19:34:30,936:INFO:Counter.py: Processing guild: 1198850436657066044
2024-02-24 19:34:30,936:INFO:Counter.py: Processing guild: 527052228297752596
2024-02-24 19:34:30,936:INFO:Counter.py: Processing guild: 1122200877919383743
2024-02-24 19:34:30,936:INFO:Counter.py: Processing guild: 784233078842982441
2024-02-24 19:34:30,936:INFO:Counter.py: Processing guild: 1025505760882470975
2024-02-24 19:34:30,936:INFO:Counter.py: Processing guild: 1183597038995251221
2024-02-24 19:34:30,936:INFO:Counter.py: Processing guild: 697884131731832852
2024-02-24 19:34:30,936:INFO:Counter.py: Processing guild: 846783510601138186
2024-02-24 19:34:30,936:INFO:Counter.py: Processing guild: 990232528281563187
2024-02-24 19:34:30,936:INFO:Counter.py: Processing guild: 1153193684867764236
2024-02-24 19:34:30,936:INFO:Counter.py: Processing guild: 110373943822540800
2024-02-24 19:34:30,936:INFO:Counter.py: Processing guild: 684487765852946460
2024-02-24 19:34:30,936:INFO:Counter.py: Processing guild: 761673024004816936
2024-02-24 19:34:30,936:INFO:Counter.py: Found channel ID in DB: 1184986407215841394
2024-02-24 19:34:30,936:INFO:Counter.py: Channel found: 1184986407215841394
2024-02-24 19:34:30,936:INFO:Counter.py: Updating counter for channel: 1184986407215841394 in guild: 761673024004816936
2024-02-24 19:34:30,936:INFO:Counter.py: No update needed for channel: 1184986407215841394
2024-02-24 19:34:30,936:INFO:Counter.py: Processing guild: 1137194451756912700
2024-02-24 19:34:30,936:INFO:Counter.py: Processing guild: 1194368133822173184
2024-02-24 19:34:30,936:INFO:Counter.py: Processing guild: 599096942567489549
2024-02-24 19:34:30,936:INFO:Counter.py: Processing guild: 1174862782521417818
2024-02-24 19:34:30,936:INFO:Counter.py: Processing guild: 1210253832253087844
2024-02-24 19:34:30,936:INFO:Counter.py: Processing guild: 1182782397775892540
2024-02-24 19:34:30,936:INFO:Counter.py: Processing guild: 1196263507281326160
2024-02-24 19:34:30,937:INFO:Counter.py: Processing guild: 700701341105782850
2024-02-24 19:34:30,937:INFO:Counter.py: Processing guild: 1074536450353287188
2024-02-24 19:36:35,671:INFO:Counter.py: Updating counters
2024-02-24 19:36:35,673:INFO:Counter.py: Processing guild: 1118761994821058611
2024-02-24 19:36:35,673:INFO:Counter.py: Processing guild: 1124304256518848543
2024-02-24 19:36:35,673:INFO:Counter.py: Processing guild: 1188880503332417576
2024-02-24 19:36:35,673:INFO:Counter.py: Processing guild: 1130806194676715641
2024-02-24 19:36:35,673:INFO:Counter.py: Processing guild: 1082157359796863056
2024-02-24 19:36:35,673:INFO:Counter.py: Processing guild: 1134618462044565645
2024-02-24 19:36:35,673:INFO:Counter.py: Processing guild: 1139527859703119873
2024-02-24 19:36:35,673:INFO:Counter.py: Processing guild: 1007100260897804319
2024-02-24 19:36:35,673:INFO:Counter.py: Processing guild: 386511213640810503
2024-02-24 19:36:35,673:INFO:Counter.py: Processing guild: 1130879774219321384
2024-02-24 19:36:35,673:INFO:Counter.py: Processing guild: 1184350814584705044
2024-02-24 19:36:35,673:INFO:Counter.py: Processing guild: 1194917576577400852
2024-02-24 19:36:35,673:INFO:Counter.py: Processing guild: 1122200744997703730
2024-02-24 19:36:35,673:INFO:Counter.py: Processing guild: 1048954108956123247
2024-02-24 19:36:35,673:INFO:Counter.py: Processing guild: 1120829006896435330
2024-02-24 19:36:35,673:INFO:Counter.py: Processing guild: 1133954317796266135
2024-02-24 19:36:35,673:INFO:Counter.py: Processing guild: 1125543712718606336
2024-02-24 19:36:35,673:INFO:Counter.py: Processing guild: 1198850436657066044
2024-02-24 19:36:35,673:INFO:Counter.py: Processing guild: 527052228297752596
2024-02-24 19:36:35,673:INFO:Counter.py: Processing guild: 1122200877919383743
2024-02-24 19:36:35,673:INFO:Counter.py: Processing guild: 784233078842982441
2024-02-24 19:36:35,674:INFO:Counter.py: Processing guild: 1025505760882470975
2024-02-24 19:36:35,674:INFO:Counter.py: Processing guild: 1183597038995251221
2024-02-24 19:36:35,674:INFO:Counter.py: Processing guild: 697884131731832852
2024-02-24 19:36:35,674:INFO:Counter.py: Processing guild: 846783510601138186
2024-02-24 19:36:35,674:INFO:Counter.py: Processing guild: 990232528281563187
2024-02-24 19:36:35,674:INFO:Counter.py: Processing guild: 1153193684867764236
2024-02-24 19:36:35,674:INFO:Counter.py: Processing guild: 110373943822540800
2024-02-24 19:36:35,674:INFO:Counter.py: Processing guild: 684487765852946460
2024-02-24 19:36:35,674:INFO:Counter.py: Processing guild: 761673024004816936
2024-02-24 19:36:35,674:INFO:Counter.py: Found channel ID in DB: 1184986407215841394
2024-02-24 19:36:35,674:INFO:Counter.py: Channel found: 1184986407215841394
2024-02-24 19:36:35,674:INFO:Counter.py: Updating counter for channel: 1184986407215841394 in guild: 761673024004816936
2024-02-24 19:36:35,674:INFO:Counter.py: No update needed for channel: 1184986407215841394
2024-02-24 19:36:35,674:INFO:Counter.py: Processing guild: 1137194451756912700
2024-02-24 19:36:35,674:INFO:Counter.py: Processing guild: 1194368133822173184
2024-02-24 19:36:35,674:INFO:Counter.py: Processing guild: 599096942567489549
2024-02-24 19:36:35,674:INFO:Counter.py: Processing guild: 1174862782521417818
2024-02-24 19:36:35,674:INFO:Counter.py: Processing guild: 1210253832253087844
2024-02-24 19:36:35,674:INFO:Counter.py: Processing guild: 1182782397775892540
2024-02-24 19:36:35,674:INFO:Counter.py: Processing guild: 1196263507281326160
2024-02-24 19:36:35,674:INFO:Counter.py: Processing guild: 700701341105782850
2024-02-24 19:36:35,674:INFO:Counter.py: Processing guild: 1074536450353287188
2024-02-24 19:38:35,628:INFO:Counter.py: Updating counters
2024-02-24 19:38:35,631:INFO:Counter.py: Processing guild: 1118761994821058611
2024-02-24 19:38:35,631:INFO:Counter.py: Processing guild: 1124304256518848543
2024-02-24 19:38:35,631:INFO:Counter.py: Processing guild: 1188880503332417576
2024-02-24 19:38:35,631:INFO:Counter.py: Processing guild: 1130806194676715641
2024-02-24 19:38:35,631:INFO:Counter.py: Processing guild: 1082157359796863056
2024-02-24 19:38:35,631:INFO:Counter.py: Processing guild: 1134618462044565645
2024-02-24 19:38:35,631:INFO:Counter.py: Processing guild: 1139527859703119873
2024-02-24 19:38:35,631:INFO:Counter.py: Processing guild: 1007100260897804319
2024-02-24 19:38:35,631:INFO:Counter.py: Processing guild: 386511213640810503
2024-02-24 19:38:35,631:INFO:Counter.py: Processing guild: 1130879774219321384
2024-02-24 19:38:35,631:INFO:Counter.py: Processing guild: 1184350814584705044
2024-02-24 19:38:35,631:INFO:Counter.py: Processing guild: 1194917576577400852
2024-02-24 19:38:35,631:INFO:Counter.py: Processing guild: 1122200744997703730
2024-02-24 19:38:35,631:INFO:Counter.py: Processing guild: 1048954108956123247
2024-02-24 19:38:35,631:INFO:Counter.py: Processing guild: 1120829006896435330
2024-02-24 19:38:35,631:INFO:Counter.py: Processing guild: 1133954317796266135
2024-02-24 19:38:35,632:INFO:Counter.py: Processing guild: 1125543712718606336
2024-02-24 19:38:35,632:INFO:Counter.py: Processing guild: 1198850436657066044
2024-02-24 19:38:35,632:INFO:Counter.py: Processing guild: 527052228297752596
2024-02-24 19:38:35,632:INFO:Counter.py: Processing guild: 1122200877919383743
2024-02-24 19:38:35,632:INFO:Counter.py: Processing guild: 784233078842982441
2024-02-24 19:38:35,632:INFO:Counter.py: Processing guild: 1025505760882470975
2024-02-24 19:38:35,632:INFO:Counter.py: Processing guild: 1183597038995251221
2024-02-24 19:38:35,632:INFO:Counter.py: Processing guild: 697884131731832852
2024-02-24 19:38:35,632:INFO:Counter.py: Processing guild: 846783510601138186
2024-02-24 19:38:35,632:INFO:Counter.py: Processing guild: 990232528281563187
2024-02-24 19:38:35,632:INFO:Counter.py: Processing guild: 1153193684867764236
2024-02-24 19:38:35,632:INFO:Counter.py: Processing guild: 110373943822540800
2024-02-24 19:38:35,632:INFO:Counter.py: Processing guild: 684487765852946460
2024-02-24 19:38:35,632:INFO:Counter.py: Processing guild: 761673024004816936
2024-02-24 19:38:35,632:INFO:Counter.py: Found channel ID in DB: 1184986407215841394
2024-02-24 19:38:35,632:INFO:Counter.py: Channel found: 1184986407215841394
2024-02-24 19:38:35,632:INFO:Counter.py: Updating counter for channel: 1184986407215841394 in guild: 761673024004816936
2024-02-24 19:38:35,632:INFO:Counter.py: No update needed for channel: 1184986407215841394
2024-02-24 19:38:35,632:INFO:Counter.py: Processing guild: 1137194451756912700
2024-02-24 19:38:35,632:INFO:Counter.py: Processing guild: 1194368133822173184
2024-02-24 19:38:35,632:INFO:Counter.py: Processing guild: 599096942567489549
2024-02-24 19:38:35,632:INFO:Counter.py: Processing guild: 1174862782521417818
2024-02-24 19:38:35,632:INFO:Counter.py: Processing guild: 1210253832253087844
2024-02-24 19:38:35,632:INFO:Counter.py: Processing guild: 1182782397775892540
2024-02-24 19:38:35,632:INFO:Counter.py: Processing guild: 1196263507281326160
2024-02-24 19:38:35,632:INFO:Counter.py: Processing guild: 700701341105782850
2024-02-24 19:38:35,632:INFO:Counter.py: Processing guild: 1074536450353287188
2024-02-24 19:40:35,483:INFO:Counter.py: Updating counters
2024-02-24 19:40:35,484:INFO:Counter.py: Processing guild: 1118761994821058611
2024-02-24 19:40:35,484:INFO:Counter.py: Processing guild: 1124304256518848543
2024-02-24 19:40:35,484:INFO:Counter.py: Processing guild: 1188880503332417576
2024-02-24 19:40:35,484:INFO:Counter.py: Processing guild: 1130806194676715641
2024-02-24 19:40:35,484:INFO:Counter.py: Processing guild: 1082157359796863056
2024-02-24 19:40:35,484:INFO:Counter.py: Processing guild: 1134618462044565645
2024-02-24 19:40:35,484:INFO:Counter.py: Processing guild: 1139527859703119873
2024-02-24 19:40:35,484:INFO:Counter.py: Processing guild: 1007100260897804319
2024-02-24 19:40:35,484:INFO:Counter.py: Processing guild: 386511213640810503
2024-02-24 19:40:35,484:INFO:Counter.py: Processing guild: 1130879774219321384
2024-02-24 19:40:35,484:INFO:Counter.py: Processing guild: 1184350814584705044
2024-02-24 19:40:35,484:INFO:Counter.py: Processing guild: 1194917576577400852
2024-02-24 19:40:35,484:INFO:Counter.py: Processing guild: 1122200744997703730
2024-02-24 19:40:35,485:INFO:Counter.py: Processing guild: 1048954108956123247
2024-02-24 19:40:35,485:INFO:Counter.py: Processing guild: 1120829006896435330
2024-02-24 19:40:35,485:INFO:Counter.py: Processing guild: 1133954317796266135
2024-02-24 19:40:35,485:INFO:Counter.py: Processing guild: 1125543712718606336
2024-02-24 19:40:35,485:INFO:Counter.py: Processing guild: 1198850436657066044
2024-02-24 19:40:35,485:INFO:Counter.py: Processing guild: 527052228297752596
2024-02-24 19:40:35,485:INFO:Counter.py: Processing guild: 1122200877919383743
2024-02-24 19:40:35,485:INFO:Counter.py: Processing guild: 784233078842982441
2024-02-24 19:40:35,485:INFO:Counter.py: Processing guild: 1025505760882470975
2024-02-24 19:40:35,485:INFO:Counter.py: Processing guild: 1183597038995251221
2024-02-24 19:40:35,485:INFO:Counter.py: Processing guild: 697884131731832852
2024-02-24 19:40:35,485:INFO:Counter.py: Processing guild: 846783510601138186
2024-02-24 19:40:35,485:INFO:Counter.py: Processing guild: 990232528281563187
2024-02-24 19:40:35,485:INFO:Counter.py: Processing guild: 1153193684867764236
2024-02-24 19:40:35,485:INFO:Counter.py: Processing guild: 110373943822540800
2024-02-24 19:40:35,485:INFO:Counter.py: Processing guild: 684487765852946460
2024-02-24 19:40:35,485:INFO:Counter.py: Processing guild: 761673024004816936
2024-02-24 19:40:35,485:INFO:Counter.py: Found channel ID in DB: 1184986407215841394
2024-02-24 19:40:35,485:INFO:Counter.py: Channel found: 1184986407215841394
2024-02-24 19:40:35,485:INFO:Counter.py: Updating counter for channel: 1184986407215841394 in guild: 761673024004816936
2024-02-24 19:40:35,485:INFO:Counter.py: No update needed for channel: 1184986407215841394
2024-02-24 19:40:35,485:INFO:Counter.py: Processing guild: 1137194451756912700
2024-02-24 19:40:35,485:INFO:Counter.py: Processing guild: 1194368133822173184
2024-02-24 19:40:35,485:INFO:Counter.py: Processing guild: 599096942567489549
2024-02-24 19:40:35,485:INFO:Counter.py: Processing guild: 1174862782521417818
2024-02-24 19:40:35,485:INFO:Counter.py: Processing guild: 1210253832253087844
2024-02-24 19:40:35,485:INFO:Counter.py: Processing guild: 1182782397775892540
2024-02-24 19:40:35,485:INFO:Counter.py: Processing guild: 1196263507281326160
2024-02-24 19:40:35,485:INFO:Counter.py: Processing guild: 700701341105782850
2024-02-24 19:40:35,485:INFO:Counter.py: Processing guild: 1074536450353287188
2024-02-24 19:42:36,282:INFO:Counter.py: Updating counters
2024-02-24 19:42:36,284:INFO:Counter.py: Processing guild: 1118761994821058611
2024-02-24 19:42:36,284:INFO:Counter.py: Processing guild: 1124304256518848543
2024-02-24 19:42:36,284:INFO:Counter.py: Processing guild: 1188880503332417576
2024-02-24 19:42:36,284:INFO:Counter.py: Processing guild: 1130806194676715641
2024-02-24 19:42:36,284:INFO:Counter.py: Processing guild: 1082157359796863056
2024-02-24 19:42:36,284:INFO:Counter.py: Processing guild: 1134618462044565645
2024-02-24 19:42:36,284:INFO:Counter.py: Processing guild: 1139527859703119873
2024-02-24 19:42:36,284:INFO:Counter.py: Processing guild: 1007100260897804319
2024-02-24 19:42:36,284:INFO:Counter.py: Processing guild: 386511213640810503
2024-02-24 19:42:36,284:INFO:Counter.py: Processing guild: 1130879774219321384
2024-02-24 19:42:36,284:INFO:Counter.py: Processing guild: 1184350814584705044
2024-02-24 19:42:36,284:INFO:Counter.py: Processing guild: 1194917576577400852
2024-02-24 19:42:36,284:INFO:Counter.py: Processing guild: 1122200744997703730
2024-02-24 19:42:36,284:INFO:Counter.py: Processing guild: 1048954108956123247
2024-02-24 19:42:36,285:INFO:Counter.py: Processing guild: 1120829006896435330
2024-02-24 19:42:36,285:INFO:Counter.py: Processing guild: 1133954317796266135
2024-02-24 19:42:36,285:INFO:Counter.py: Processing guild: 1125543712718606336
2024-02-24 19:42:36,285:INFO:Counter.py: Processing guild: 1198850436657066044
2024-02-24 19:42:36,285:INFO:Counter.py: Processing guild: 527052228297752596
2024-02-24 19:42:36,285:INFO:Counter.py: Processing guild: 1122200877919383743
2024-02-24 19:42:36,285:INFO:Counter.py: Processing guild: 784233078842982441
2024-02-24 19:42:36,285:INFO:Counter.py: Processing guild: 1025505760882470975
2024-02-24 19:42:36,285:INFO:Counter.py: Processing guild: 1183597038995251221
2024-02-24 19:42:36,285:INFO:Counter.py: Processing guild: 697884131731832852
2024-02-24 19:42:36,285:INFO:Counter.py: Processing guild: 846783510601138186
2024-02-24 19:42:36,285:INFO:Counter.py: Processing guild: 990232528281563187
2024-02-24 19:42:36,285:INFO:Counter.py: Processing guild: 1153193684867764236
2024-02-24 19:42:36,285:INFO:Counter.py: Processing guild: 110373943822540800
2024-02-24 19:42:36,285:INFO:Counter.py: Processing guild: 684487765852946460
2024-02-24 19:42:36,285:INFO:Counter.py: Processing guild: 761673024004816936
2024-02-24 19:42:36,285:INFO:Counter.py: Found channel ID in DB: 1184986407215841394
2024-02-24 19:42:36,285:INFO:Counter.py: Channel found: 1184986407215841394
2024-02-24 19:42:36,285:INFO:Counter.py: Updating counter for channel: 1184986407215841394 in guild: 761673024004816936
2024-02-24 19:42:36,286:INFO:Counter.py: No update needed for channel: 1184986407215841394
2024-02-24 19:42:36,286:INFO:Counter.py: Processing guild: 1137194451756912700
2024-02-24 19:42:36,286:INFO:Counter.py: Processing guild: 1194368133822173184
2024-02-24 19:42:36,286:INFO:Counter.py: Processing guild: 599096942567489549
2024-02-24 19:42:36,286:INFO:Counter.py: Processing guild: 1174862782521417818
2024-02-24 19:42:36,286:INFO:Counter.py: Processing guild: 1210253832253087844
2024-02-24 19:42:36,286:INFO:Counter.py: Processing guild: 1182782397775892540
2024-02-24 19:42:36,286:INFO:Counter.py: Processing guild: 1196263507281326160
2024-02-24 19:42:36,286:INFO:Counter.py: Processing guild: 700701341105782850
2024-02-24 19:42:36,286:INFO:Counter.py: Processing guild: 1074536450353287188
