2024-03-03 18:11:13,172:INFO:Leveling.py: Leveling Cog Loaded. Logging started...
2024-03-03 18:25:12,330:INFO:Leveling.py: Voice channel join: Jockie Music#8158 is bot user, ignored
2024-03-03 18:35:07,673:INFO:Leveling.py: Voice channel join: Jockie Music#8158 is bot user, ignored
2024-03-03 18:45:44,023:INFO:Leveling.py: Voice channel join: Jockie Music#8158 is bot user, ignored
2024-03-03 18:48:00,315:INFO:Leveling.py: Voice channel join: Jockie Music#8158 is bot user, ignored
2024-03-03 18:57:11,528:INFO:Leveling.py: Voice channel join: borderlandsfan9#0 joined Call of Duty (32kbps)
2024-03-03 19:15:11,279:INFO:Leveling.py: Voice channel join: jiggly4899#0 joined General
2024-03-03 19:16:43,392:INFO:Leveling.py: Voice channel join: medievalsamurai_#0 joined General
2024-03-03 19:17:08,777:INFO:Leveling.py: Voice channel leave: borderlandsfan9#0 left Call of Duty (32kbps), earned 239.4473714 XP
2024-03-03 19:23:48,031:INFO:Leveling.py: Voice channel join: Jockie Music#8158 is bot user, ignored
2024-03-03 20:00:36,888:INFO:Leveling.py: Voice channel join: xdevilsacidx#0 joined Call of Duty (32kbps)
2024-03-03 20:04:08,989:INFO:Leveling.py: Voice channel join: exohayvan#0 joined Events
2024-03-03 20:07:01,967:INFO:Leveling.py: Voice channel join: ._.1ghost1._._.#0 joined Events
2024-03-03 20:08:59,402:INFO:Leveling.py: Voice channel leave: ._.1ghost1._._.#0 left Events, earned 23.4845832 XP
2024-03-03 20:13:29,310:INFO:Leveling.py: Voice channel join: klovve302#0 joined Events
2024-03-03 20:13:30,727:INFO:Leveling.py: Voice channel leave: klovve302#0 left Events, earned 0.2808754 XP
2024-03-03 20:29:08,743:INFO:Leveling.py: Voice channel join: premiumlime#0 joined Events
2024-03-03 20:39:22,414:INFO:Leveling.py: Voice channel leave: premiumlime#0 left Events, earned 122.7316464 XP
2024-03-03 21:02:24,997:INFO:Leveling.py: Voice channel leave: xdevilsacidx#0 left Events, earned 741.6193624 XP
2024-03-03 21:02:28,359:INFO:Leveling.py: Voice channel join: xdevilsacidx#0 joined Events
