2024-02-14 17:19:15,000:INFO:verification_bot: Logging setup test message.
2024-02-14 17:20:04,130:INFO:verification_bot: Manually triggering task logic for testing.
2024-02-14 17:20:04,228:INFO:verification_bot: Starting to check verification time limits.
2024-02-14 17:20:05,515:INFO:verification_bot: Warning sent to TVAUGHN in ExoHayvan's Family for verification.
2024-02-14 17:20:07,019:INFO:verification_bot: Warning sent to NateFrog17 in ExoHayvan's Family for verification.
2024-02-14 17:20:08,311:INFO:verification_bot: Warning sent to Dirge in ExoHayvan's Family for verification.
2024-02-14 17:20:08,933:INFO:verification_bot: Warning sent to and1morefantom in ExoHayvan's Family for verification.
2024-02-14 17:20:10,220:INFO:verification_bot: Warning sent to DamianM in ExoHayvan's Family for verification.
2024-02-14 17:20:10,729:INFO:verification_bot: Warning sent to ikytrox in ExoHayvan's Family for verification.
2024-02-14 17:20:12,310:INFO:verification_bot: Warning sent to dmv_nate in ExoHayvan's Family for verification.
2024-02-14 17:20:18,340:INFO:verification_bot: Warning sent to onetimefollower in ExoHayvan's Family for verification.
2024-02-14 17:20:19,644:INFO:verification_bot: Warning sent to rio in ExoHayvan's Family for verification.
2024-02-14 17:20:21,362:INFO:verification_bot: Warning sent to sneakycalf in ExoHayvan's Family for verification.
2024-02-14 17:20:22,927:INFO:verification_bot: Warning sent to Bitch 🤤 in ExoHayvan's Family for verification.
2024-02-14 17:20:25,198:INFO:verification_bot: Warning sent to phantom9725 in ExoHayvan's Family for verification.
2024-02-14 17:20:26,654:INFO:verification_bot: Warning sent to cornyboi in ExoHayvan's Family for verification.
2024-02-14 17:20:29,305:INFO:verification_bot: Warning sent to vladsandu2000 in ExoHayvan's Family for verification.
2024-02-14 17:20:31,234:INFO:verification_bot: Warning sent to burgucu670 in ExoHayvan's Family for verification.
2024-02-14 17:20:33,998:INFO:verification_bot: Warning sent to auddiemae in ExoHayvan's Family for verification.
2024-02-14 17:20:39,251:INFO:verification_bot: Warning sent to sarankdirector in ExoHayvan's Family for verification.
2024-02-14 17:20:40,702:INFO:verification_bot: Warning sent to harding gg in ExoHayvan's Family for verification.
2024-02-14 17:20:42,146:INFO:verification_bot: Warning sent to lightstar0511 in ExoHayvan's Family for verification.
2024-02-14 17:20:44,084:INFO:verification_bot: Warning sent to eun.taki in ExoHayvan's Family for verification.
2024-02-14 17:20:45,558:INFO:verification_bot: Warning sent to mejedfullharam in ExoHayvan's Family for verification.
2024-02-14 17:20:47,164:INFO:verification_bot: Warning sent to fizzy0041 in ExoHayvan's Family for verification.
2024-02-14 17:20:49,722:INFO:verification_bot: Warning sent to Plush in ExoHayvan's Family for verification.
2024-02-14 17:20:51,517:INFO:verification_bot: Warning sent to flowerboi_domo in ExoHayvan's Family for verification.
2024-02-14 17:20:52,886:INFO:verification_bot: Warning sent to InfiniteStaps in ExoHayvan's Family for verification.
2024-02-14 17:20:58,090:INFO:verification_bot: Warning sent to jaggarkinder in ExoHayvan's Family for verification.
2024-02-14 17:21:05,217:INFO:verification_bot: Warning sent to diego1682 in ExoHayvan's Family for verification.
2024-02-14 17:21:06,728:INFO:verification_bot: Warning sent to werd._.drew in ExoHayvan's Family for verification.
2024-02-14 17:21:09,164:INFO:verification_bot: Warning sent to gucci.bill in ExoHayvan's Family for verification.
2024-02-14 17:21:10,646:INFO:verification_bot: Warning sent to bharney17 in ExoHayvan's Family for verification.
