2024-03-06 11:28:19,985:INFO:Voting.py: Voting Cog Loaded. Logging started...
2024-03-06 11:28:19,995:INFO:Voting.py: Loading votes.
2024-03-06 18:04:45,094:INFO:Voting.py: Vote started as Next Anime Genre? (For March 7th) at 2024-03-06 23:04:45.094148
2024-03-06 18:08:54,480:INFO:Voting.py: 517821726181294109 updated vote. Recalculating votes.
2024-03-06 18:08:54,480:INFO:Voting.py: Removing repeated reaction for 517821726181294109.
2024-03-06 18:08:57,427:INFO:Voting.py: Removing reaction for 517821726181294109
2024-03-06 18:09:32,564:INFO:Voting.py: 1098495324244422687 updated vote. Recalculating votes.
2024-03-06 18:09:32,564:INFO:Voting.py: Removing repeated reaction for 1098495324244422687.
2024-03-06 18:09:32,973:INFO:Voting.py: Removing reaction for 1098495324244422687
2024-03-06 18:40:23,854:INFO:Voting.py: 300862398754193408 updated vote. Recalculating votes.
2024-03-06 18:40:23,855:INFO:Voting.py: Removing repeated reaction for 300862398754193408.
2024-03-06 18:40:24,266:INFO:Voting.py: Removing reaction for 300862398754193408
2024-03-06 18:48:13,632:INFO:Voting.py: 1084874401750720632 updated vote. Recalculating votes.
2024-03-06 18:48:13,632:INFO:Voting.py: Removing repeated reaction for 1084874401750720632.
2024-03-06 18:48:14,043:INFO:Voting.py: Removing reaction for 1084874401750720632
2024-03-06 19:21:55,728:INFO:Voting.py: 958277287915159572 updated vote. Recalculating votes.
2024-03-06 19:21:55,728:INFO:Voting.py: Removing repeated reaction for 958277287915159572.
2024-03-06 19:21:56,133:INFO:Voting.py: Removing reaction for 958277287915159572
2024-03-06 20:39:37,245:INFO:Voting.py: 952693776579698698 updated vote. Recalculating votes.
2024-03-06 20:39:37,246:INFO:Voting.py: Removing repeated reaction for 952693776579698698.
2024-03-06 20:39:37,636:INFO:Voting.py: Removing reaction for 952693776579698698
